⚠ Warning: Next.js inferred your workspace root, but it may not be correct.
 We detected multiple lockfiles and selected the directory of C:\Users\thisi\package-lock.json as the root directory.
 To silence this warning, set `turbopack.root` in your Next.js config, or consider removing one of the lockfiles if it's not needed.
   See https://nextjs.org/docs/app/api-reference/config/next-config-js/turbopack#root-directory for more information.
 Detected additional lockfiles: 
   * C:\Users\thisi\Rekayasa_Perangkap_Lunak\Social-Media-Downloader\social-media-fe\package-lock.json

▲ Next.js 16.1.6 (Turbopack)
- Environments: .env

  Creating an optimized production build ...
✓ Compiled successfully in 4.5s
  Running TypeScript ...
  Collecting page data using 11 workers ...
  Generating static pages using 11 workers (0/7) ...
⨯ useSearchParams() should be wrapped in a suspense boundary at page "/otp". Read more: https://nextjs.org/docs/messages/missing-suspense-with-csr-bailout
    at Q (C:\Users\thisi\Rekayasa_Perangkap_Lunak\Social-Media-Downloader\social-media-fe\.next\server\chunks\ssr\14b03_next_515728fb._.js:2:2111)
    at o (C:\Users\thisi\Rekayasa_Perangkap_Lunak\Social-Media-Downloader\social-media-fe\.next\server\chunks\ssr\14b03_next_515728fb._.js:4:5284)
    at ao (C:\Users\thisi\Rekayasa_Perangkap_Lunak\Social-Media-Downloader\social-media-fe\.next\server\chunks\ssr\06f54_cial-Media-Downloader_social-media-fe_components_auth_otp_input-otp_tsx_aad64507._.js:20:11265)
    at an (C:\Users\thisi\Rekayasa_Perangkap_Lunak\Social-Media-Downloader\social-media-fe\node_modules\next\dist\compiled\next-server\app-page-turbo.runtime.prod.js:2:84360)
    at ai (C:\Users\thisi\Rekayasa_Perangkap_Lunak\Social-Media-Downloader\social-media-fe\node_modules\next\dist\compiled\next-server\app-page-turbo.runtime.prod.js:2:86179)
    at ai (C:\Users\thisi\Rekayasa_Perangkap_Lunak\Social-Media-Downloader\social-media-fe\node_modules\next\dist\compiled\next-server\app-page-turbo.runtime.prod.js:2:104708)
    at al (C:\Users\thisi\Rekayasa_Perangkap_Lunak\Social-Media-Downloader\social-media-fe\node_modules\next\dist\compiled\next-server\app-page-turbo.runtime.prod.js:2:107953)
    at as (C:\Users\thisi\Rekayasa_Perangkap_Lunak\Social-Media-Downloader\social-media-fe\node_modules\next\dist\compiled\next-server\app-page-turbo.runtime.prod.js:2:105368)
    at am (C:\Users\thisi\Rekayasa_Perangkap_Lunak\Social-Media-Downloader\social-media-fe\node_modules\next\dist\compiled\next-server\app-page-turbo.runtime.prod.js:2:112882)
    at au (C:\Users\thisi\Rekayasa_Perangkap_Lunak\Social-Media-Downloader\social-media-fe\node_modules\next\dist\compiled\next-server\app-page-turbo.runtime.prod.js:2:109985)
Error occurred prerendering page "/otp". Read more: https://nextjs.org/docs/messages/prerender-error
Export encountered an error on /(auth)/otp/page: /otp, exiting the build.
⨯ Next.js build worker exited with code: 1 and signal: null
