⚠ Warning: Next.js inferred your workspace root, but it may not be correct.
 We detected multiple lockfiles and selected the directory of C:\Users\thisi\package-lock.json as the root directory.
 To silence this warning, set `turbopack.root` in your Next.js config, or consider removing one of the lockfiles if it's not needed.
   See https://nextjs.org/docs/app/api-reference/config/next-config-js/turbopack#root-directory for more information.
 Detected additional lockfiles: 
   * C:\Users\thisi\Rekayasa_Perangkap_Lunak\Social-Media-Downloader\social-media-fe\package-lock.json

▲ Next.js 16.1.6 (Turbopack)
- Environments: .env

  Creating an optimized production build ...
TypeError: w is not a function
    [2m[at nn (C:\Users\thisi\Rekayasa_Perangkap_Lunak\Social-Media-Downloader\social-media-fe\node_modules\tailwindcss\dist\lib.js:27:2347)][0m
    [2m[at on (C:\Users\thisi\Rekayasa_Perangkap_Lunak\Social-Media-Downloader\social-media-fe\node_modules\tailwindcss\dist\lib.js:27:1178)][0m
    [2m[at async un (C:\Users\thisi\Rekayasa_Perangkap_Lunak\Social-Media-Downloader\social-media-fe\node_modules\tailwindcss\dist\lib.js:36:184)][0m
    [2m[at async cn (C:\Users\thisi\Rekayasa_Perangkap_Lunak\Social-Media-Downloader\social-media-fe\node_modules\tailwindcss\dist\lib.js:38:631)][0m
    [2m[at async Xr (C:\Users\thisi\Rekayasa_Perangkap_Lunak\Social-Media-Downloader\social-media-fe\node_modules\@tailwindcss\postcss\node_modules\@tailwindcss\node\dist\index.js:10:3417)][0m
    [2m[at async I (C:\Users\thisi\Rekayasa_Perangkap_Lunak\Social-Media-Downloader\social-media-fe\node_modules\@tailwindcss\postcss\dist\index.js:10:3977)][0m
    [2m[at async Object.Once (C:\Users\thisi\Rekayasa_Perangkap_Lunak\Social-Media-Downloader\social-media-fe\node_modules\@tailwindcss\postcss\dist\index.js:10:4249)][0m
    [2mat async LazyResult.runAsync (Rekayasa_Perangkap_Lunak/Social-Media-Downloader/social-media-fe/node_modules/postcss/lib/lazy-result.js:293:11) [C:\Users\thisi\Rekayasa_Perangkap_Lunak\Social-Media-Downloader\social-media-fe\.next\build\chunks\14b03_1ec1712f._.js:6206:21][0m
    [2mat async transform (turbopack:///[turbopack-node]/transforms/postcss.ts:70:34) [C:\Users\thisi\Rekayasa_Perangkap_Lunak\Social-Media-Downloader\social-media-fe\.next\build\chunks\[root-of-the-server]__508e607b._.js:146:36][0m
    [2mat async run (turbopack:///[turbopack-node]/ipc/evaluate.ts:92:23) [C:\Users\thisi\Rekayasa_Perangkap_Lunak\Social-Media-Downloader\social-media-fe\.next\build\chunks\[root-of-the-server]__e6e7f77f._.js:443:31][0m
